<?xml version="1.0" encoding="UTF-8"?>
<!-- Generated by org.testng.reporters.JUnitReportReporter -->
<testsuite hostname="LAPTOP-0QR6FBLF" failures="0" tests="3" name="com.OrangeHRM.BeforeGroupAfterGroup" time="0.012" errors="0" timestamp="2025-04-24T16:31:34 IST" skipped="0">
  <testcase classname="com.OrangeHRM.BeforeGroupAfterGroup" name="Demo" time="0.009"/>
  <testcase classname="com.OrangeHRM.BeforeGroupAfterGroup" name="Test" time="0.001"/>
  <testcase classname="com.OrangeHRM.BeforeGroupAfterGroup" name="Luanch" time="0.002"/>
</testsuite> <!-- com.OrangeHRM.BeforeGroupAfterGroup -->
