<?xml version="1.0" encoding="UTF-8"?>
<!-- Generated by org.testng.reporters.JUnitReportReporter -->
<testsuite hostname="LAPTOP-0QR6FBLF" failures="0" tests="1" name="com.OrangeHRM.Testing" time="16.878" errors="0" timestamp="2025-04-24T06:01:33 IST" skipped="0">
  <testcase classname="com.OrangeHRM.Testing" name="m4" time="16.878"/>
</testsuite> <!-- com.OrangeHRM.Testing -->
