<?xml version="1.0" encoding="UTF-8"?>
<!-- Generated by org.testng.reporters.JUnitReportReporter -->
<testsuite hostname="LAPTOP-0QR6FBLF" failures="0" tests="1" name="com.PojoTest.CreatedUserTest" time="0.820" errors="0" timestamp="2025-05-01T21:34:48 IST" skipped="0">
  <testcase classname="com.PojoTest.CreatedUserTest" name="UserTest" time="0.820"/>
</testsuite> <!-- com.PojoTest.CreatedUserTest -->
