<?xml version="1.0" encoding="UTF-8"?>
<!-- Generated by org.testng.reporters.JUnitReportReporter -->
<testsuite hostname="LAPTOP-0QR6FBLF" failures="0" tests="4" name="com.OrangeHRM.DataProviderTest" time="0.014" errors="0" timestamp="2025-04-24T18:42:44 IST" skipped="0">
  <testcase classname="com.OrangeHRM.DataProviderTest" name="SetUp" time="0.001"/>
  <testcase classname="com.OrangeHRM.DataProviderTest" name="SetUp" time="0.010"/>
  <testcase classname="com.OrangeHRM.DataProviderTest" name="SetUp" time="0.002"/>
  <testcase classname="com.OrangeHRM.DataProviderTest" name="SetUp" time="0.001"/>
</testsuite> <!-- com.OrangeHRM.DataProviderTest -->
