<?xml version="1.0" encoding="UTF-8"?>
<!-- Generated by org.testng.reporters.JUnitReportReporter -->
<testsuite hostname="LAPTOP-0QR6FBLF" failures="0" tests="5" name="com.OrangeHRM.UsingDataProvider" time="0.016" errors="0" timestamp="2025-04-25T04:56:05 IST" skipped="0">
  <testcase classname="com.OrangeHRM.UsingDataProvider" name="Set" time="0.009"/>
  <testcase classname="com.OrangeHRM.UsingDataProvider" name="SetUp" time="0.003"/>
  <testcase classname="com.OrangeHRM.UsingDataProvider" name="Set" time="0.002"/>
  <testcase classname="com.OrangeHRM.UsingDataProvider" name="Set" time="0.001"/>
  <testcase classname="com.OrangeHRM.UsingDataProvider" name="SetUp" time="0.001"/>
</testsuite> <!-- com.OrangeHRM.UsingDataProvider -->
