<?xml version="1.0" encoding="UTF-8"?>
<!-- Generated by org.testng.reporters.JUnitReportReporter -->
<testsuite hostname="LAPTOP-0QR6FBLF" failures="0" tests="3" name="com.OrangeHRM.PractisData" time="26.714" errors="0" timestamp="2025-04-24T19:39:08 IST" skipped="0">
  <testcase classname="com.OrangeHRM.PractisData" name="setup" time="14.867"/>
  <testcase classname="com.OrangeHRM.PractisData" name="setup" time="6.169"/>
  <testcase classname="com.OrangeHRM.PractisData" name="setup" time="5.678"/>
</testsuite> <!-- com.OrangeHRM.PractisData -->
