<?xml version="1.0" encoding="UTF-8"?>
<!-- Generated by org.testng.reporters.JUnitReportReporter -->
<testsuite hostname="LAPTOP-0QR6FBLF" failures="0" tests="2" name="com.OrangeHRM.BeforeClass" time="0.012" errors="0" timestamp="2025-04-24T16:38:51 IST" skipped="0">
  <testcase classname="com.OrangeHRM.BeforeClass" name="demo" time="0.004"/>
  <testcase classname="com.OrangeHRM.BeforeClass" name="Die" time="0.008"/>
</testsuite> <!-- com.OrangeHRM.BeforeClass -->
