<?xml version="1.0" encoding="UTF-8"?>
<!-- Generated by org.testng.reporters.JUnitReportReporter -->
<testsuite hostname="LAPTOP-0QR6FBLF" failures="0" tests="2" name="com.OrangeHRM.GroupsTest" time="5.654" errors="0" timestamp="2025-04-25T12:05:39 IST" skipped="0">
  <testcase classname="com.OrangeHRM.GroupsTest" name="m1" time="5.652"/>
  <testcase classname="com.OrangeHRM.GroupsTest" name="m2" time="0.002">
    <system-out>
      <![CDATA[This is M2]]>
    </system-out>
  </testcase> <!-- m2 -->
  <system-out>
    <![CDATA[This is M2]]>
  </system-out>
</testsuite> <!-- com.OrangeHRM.GroupsTest -->
