<?xml version="1.0" encoding="UTF-8"?>
<!-- Generated by org.testng.reporters.JUnitReportReporter -->
<testsuite hostname="LAPTOP-0QR6FBLF" failures="0" tests="4" name="com.OrangeHRM.LoginTest" time="22.398" errors="0" timestamp="2025-04-24T06:01:34 IST" skipped="0">
  <testcase classname="com.OrangeHRM.LoginTest" name="m1" time="12.038"/>
  <testcase classname="com.OrangeHRM.LoginTest" name="m2" time="0.140"/>
  <testcase classname="com.OrangeHRM.LoginTest" name="m3" time="0.030"/>
  <testcase classname="com.OrangeHRM.LoginTest" name="m4" time="10.190"/>
</testsuite> <!-- com.OrangeHRM.LoginTest -->
