<?xml version="1.0" encoding="UTF-8"?>
<!-- Generated by org.testng.reporters.JUnitReportReporter -->
<testsuite hostname="LAPTOP-0QR6FBLF" failures="0" tests="2" name="com.BaseTest.LoginTest" time="2.730" errors="0" timestamp="2025-04-24T16:10:52 IST" skipped="1">
  <testcase classname="com.BaseTest.LoginTest" name="AdminPage" time="2.730"/>
  <testcase classname="com.BaseTest.LoginTest" name="AdminTest">
    <skipped/>
  </testcase> <!-- AdminTest -->
</testsuite> <!-- com.BaseTest.LoginTest -->
