<?xml version="1.0" encoding="UTF-8"?>
<!-- Generated by org.testng.reporters.JUnitReportReporter -->
<testsuite hostname="LAPTOP-0QR6FBLF" failures="0" tests="1" name="restAssured.HttpRequests" time="2.776" errors="0" timestamp="2025-05-01T04:51:16 IST" skipped="0">
  <testcase classname="restAssured.HttpRequests" name="GetUserDeatils" time="2.776"/>
</testsuite> <!-- restAssured.HttpRequests -->
