<?xml version="1.0" encoding="UTF-8"?>
<!-- Generated by org.testng.reporters.JUnitReportReporter -->
<testsuite hostname="LAPTOP-0QR6FBLF" failures="0" tests="1" name="com.OrangeHRM.Assertion" time="8.371" errors="0" timestamp="2025-04-24T12:19:09 IST" skipped="0">
  <testcase classname="com.OrangeHRM.Assertion" name="ALogin" time="8.371"/>
</testsuite> <!-- com.OrangeHRM.Assertion -->
